<?xml version="1.0" encoding="UTF-8"?>
<!-- Generated by org.testng.reporters.JUnitReportReporter -->
<testsuite hostname="Lucifer" failures="0" tests="1" name="RestassuredWithBDD.Patch" time="5.321" errors="0" timestamp="2023-08-18T15:44:21 IST" skipped="0">
  <testcase classname="RestassuredWithBDD.Patch" name="patch" time="5.321"/>
</testsuite> <!-- RestassuredWithBDD.Patch -->
