<?xml version="1.0" encoding="UTF-8"?>
<!-- Generated by org.testng.reporters.JUnitReportReporter -->
<testsuite hostname="Lucifer" failures="0" tests="1" name="RestAssuredWithoutBDD.Put" time="5.286" errors="0" timestamp="2023-08-17T21:52:44 IST" skipped="0">
  <testcase classname="RestAssuredWithoutBDD.Put" name="patch" time="5.286"/>
</testsuite> <!-- RestAssuredWithoutBDD.Put -->
