<?xml version="1.0" encoding="UTF-8"?>
<!-- Generated by org.testng.reporters.JUnitReportReporter -->
<testsuite hostname="Lucifer" failures="0" tests="1" name="Response_Validation.Response_Validation" time="8.050" errors="0" timestamp="2023-08-21T14:31:16 IST" skipped="0">
  <testcase classname="Response_Validation.Response_Validation" name="create" time="8.050"/>
</testsuite> <!-- Response_Validation.Response_Validation -->
