<?xml version="1.0" encoding="UTF-8"?>
<!-- Generated by org.testng.reporters.JUnitReportReporter -->
<testsuite hostname="Lucifer" failures="0" tests="1" name="post_Using_File.Post" time="6.942" errors="0" timestamp="2023-08-19T14:28:17 IST" skipped="0">
  <testcase classname="post_Using_File.Post" name="create" time="6.942"/>
</testsuite> <!-- post_Using_File.Post -->
