<?xml version="1.0" encoding="UTF-8"?>
<!-- Generated by org.testng.reporters.JUnitReportReporter -->
<testsuite hostname="Lucifer" failures="0" tests="1" name="RestAssuredWithoutBDD.Post" time="6.604" errors="0" timestamp="2023-08-19T14:26:49 IST" skipped="0">
  <testcase classname="RestAssuredWithoutBDD.Post" name="create" time="6.604"/>
</testsuite> <!-- RestAssuredWithoutBDD.Post -->
