<?xml version="1.0" encoding="UTF-8"?>
<!-- Generated by org.testng.reporters.JUnitReportReporter -->
<testsuite hostname="Lucifer" failures="0" tests="1" name="RestassuredWithBDD.Get" time="4.005" errors="0" timestamp="2023-08-18T15:17:14 IST" skipped="0">
  <testcase classname="RestassuredWithBDD.Get" name="fetch" time="4.005"/>
</testsuite> <!-- RestassuredWithBDD.Get -->
