<?xml version="1.0" encoding="UTF-8"?>
<!-- Generated by org.testng.reporters.JUnitReportReporter -->
<testsuite hostname="Lucifer" failures="0" tests="1" name="Path_Parameter.PathParameter" time="9.871" errors="0" timestamp="2023-08-22T14:46:02 IST" skipped="0">
  <testcase classname="Path_Parameter.PathParameter" name="create" time="9.871"/>
</testsuite> <!-- Path_Parameter.PathParameter -->
