<?xml version="1.0" encoding="UTF-8"?>
<!-- Generated by org.testng.reporters.JUnitReportReporter -->
<testsuite hostname="Lucifer" failures="0" tests="2" name="Path_Parameter.Data_Provider" time="14.965" errors="0" timestamp="2023-08-22T15:17:13 IST" skipped="0">
  <testcase classname="Path_Parameter.Data_Provider" name="create" time="2.668"/>
  <testcase classname="Path_Parameter.Data_Provider" name="create" time="12.297"/>
</testsuite> <!-- Path_Parameter.Data_Provider -->
