<?xml version="1.0" encoding="UTF-8"?>
<!-- Generated by org.testng.reporters.JUnitReportReporter -->
<testsuite hostname="Lucifer" failures="0" tests="1" name="RestAssuredWithoutBDD.Patch" time="5.840" errors="0" timestamp="2023-08-17T21:52:07 IST" skipped="0">
  <testcase classname="RestAssuredWithoutBDD.Patch" name="patch" time="5.840"/>
</testsuite> <!-- RestAssuredWithoutBDD.Patch -->
