<?xml version="1.0" encoding="UTF-8"?>
<!-- Generated by org.testng.reporters.JUnitReportReporter -->
<testsuite hostname="Lucifer" failures="0" tests="1" name="Serialization.Serial" time="0.664" errors="0" timestamp="2023-08-22T15:41:05 IST" skipped="0">
  <testcase classname="Serialization.Serial" name="get" time="0.664"/>
</testsuite> <!-- Serialization.Serial -->
