<?xml version="1.0" encoding="UTF-8"?>
<!-- Generated by org.testng.reporters.JUnitReportReporter -->
<testsuite hostname="Lucifer" failures="0" tests="1" name="Response_Validation.Delete_Repo" time="4.858" errors="0" timestamp="2023-08-21T15:15:59 IST" skipped="0">
  <testcase classname="Response_Validation.Delete_Repo" name="delete" time="4.858"/>
</testsuite> <!-- Response_Validation.Delete_Repo -->
