<?xml version="1.0" encoding="UTF-8"?>
<!-- Generated by org.testng.reporters.JUnitReportReporter -->
<testsuite hostname="Lucifer" failures="0" tests="1" name="RestassuredWithBDD.Put" time="5.366" errors="0" timestamp="2023-08-18T15:37:16 IST" skipped="0">
  <testcase classname="RestassuredWithBDD.Put" name="put" time="5.366"/>
</testsuite> <!-- RestassuredWithBDD.Put -->
