<?xml version="1.0" encoding="UTF-8"?>
<!-- Generated by org.testng.reporters.JUnitReportReporter -->
<testsuite hostname="Lucifer" failures="0" tests="1" name="Serialization.Deserial" time="0.322" errors="0" timestamp="2023-08-23T15:34:30 IST" skipped="0">
  <testcase classname="Serialization.Deserial" name="get" time="0.322"/>
</testsuite> <!-- Serialization.Deserial -->
