<?xml version="1.0" encoding="UTF-8"?>
<!-- Generated by org.testng.reporters.JUnitReportReporter -->
<testsuite hostname="Lucifer" failures="0" tests="1" name="RestassuredWithBDD.Post" time="7.847" errors="0" timestamp="2023-08-19T14:27:11 IST" skipped="0">
  <testcase classname="RestassuredWithBDD.Post" name="create" time="7.847"/>
</testsuite> <!-- RestassuredWithBDD.Post -->
