<?xml version="1.0" encoding="UTF-8"?>
<!-- Generated by org.testng.reporters.JUnitReportReporter -->
<testsuite hostname="Lucifer" failures="0" tests="1" name="RestAssuredWithoutBDD.Get" time="5.305" errors="0" timestamp="2023-08-17T21:52:29 IST" skipped="0">
  <testcase classname="RestAssuredWithoutBDD.Get" name="get" time="5.305"/>
</testsuite> <!-- RestAssuredWithoutBDD.Get -->
