<?xml version="1.0" encoding="UTF-8"?>
<!-- Generated by org.testng.reporters.JUnitReportReporter -->
<testsuite hostname="Lucifer" failures="0" tests="1" name="Response_Validation.End_To_End_Testing" time="9.513" errors="0" timestamp="2023-08-21T15:34:26 IST" skipped="0">
  <testcase classname="Response_Validation.End_To_End_Testing" name="endToEnd" time="9.513"/>
</testsuite> <!-- Response_Validation.End_To_End_Testing -->
