<?xml version="1.0" encoding="UTF-8"?>
<!-- Generated by org.testng.reporters.JUnitReportReporter -->
<testsuite hostname="Lucifer" failures="0" tests="1" name="RestAssuredWithoutBDD.Delete" time="5.423" errors="0" timestamp="2023-08-17T21:53:01 IST" skipped="0">
  <testcase classname="RestAssuredWithoutBDD.Delete" name="delete" time="5.423"/>
</testsuite> <!-- RestAssuredWithoutBDD.Delete -->
