<?xml version="1.0" encoding="UTF-8"?>
<!-- Generated by org.testng.reporters.JUnitReportReporter -->
<testsuite hostname="Lucifer" failures="0" tests="1" name="Post_Req_Using_POJO_Class.Post_Using_POJO" time="7.095" errors="0" timestamp="2023-08-19T14:56:14 IST" skipped="0">
  <testcase classname="Post_Req_Using_POJO_Class.Post_Using_POJO" name="create" time="7.095"/>
</testsuite> <!-- Post_Req_Using_POJO_Class.Post_Using_POJO -->
