<?xml version="1.0" encoding="UTF-8"?>
<!-- Generated by org.testng.reporters.JUnitReportReporter -->
<testsuite hostname="Lucifer" failures="0" tests="1" name="GIthub_Repository.Post" time="7.858" errors="0" timestamp="2023-08-21T14:04:38 IST" skipped="0">
  <testcase classname="GIthub_Repository.Post" name="create" time="7.858"/>
</testsuite> <!-- GIthub_Repository.Post -->
